[1.133s] DEBUG:colcon:Command line arguments: ['/usr/bin/colcon', 'build', '--symlink-install']
[1.133s] DEBUG:colcon:Parsed command line arguments: Namespace(log_base=None, log_level=None, verb_name='build', build_base='build', install_base='install', merge_install=False, symlink_install=True, test_result_base=None, continue_on_error=False, executor='parallel', parallel_workers=12, event_handlers=None, ignore_user_meta=False, metas=['./colcon.meta'], base_paths=['.'], packages_ignore=None, packages_ignore_regex=None, paths=None, packages_up_to=None, packages_up_to_regex=None, packages_above=None, packages_above_and_dependencies=None, packages_above_depth=None, packages_select_by_dep=None, packages_skip_by_dep=None, packages_skip_up_to=None, packages_select_build_failed=False, packages_skip_build_finished=False, packages_select_test_failures=False, packages_skip_test_passed=False, packages_select=None, packages_skip=None, packages_select_regex=None, packages_skip_regex=None, packages_start=None, packages_end=None, allow_overriding=[], cmake_args=None, cmake_target=None, cmake_target_skip_unavailable=False, cmake_clean_cache=False, cmake_clean_first=False, cmake_force_configure=False, ament_cmake_args=None, catkin_cmake_args=None, catkin_skip_building_tests=False, verb_parser=<colcon_defaults.argument_parser.defaults.DefaultArgumentsDecorator object at 0x7325d2f6b4d0>, verb_extension=<colcon_core.verb.build.BuildVerb object at 0x7325d308b650>, main=<bound method BuildVerb.main of <colcon_core.verb.build.BuildVerb object at 0x7325d308b650>>)
[1.384s] Level 1:colcon.colcon_core.package_discovery:discover_packages(colcon_meta) check parameters
[1.384s] Level 1:colcon.colcon_core.package_discovery:discover_packages(recursive) check parameters
[1.385s] Level 1:colcon.colcon_core.package_discovery:discover_packages(ignore) check parameters
[1.385s] Level 1:colcon.colcon_core.package_discovery:discover_packages(path) check parameters
[1.385s] Level 1:colcon.colcon_core.package_discovery:discover_packages(colcon_meta) discover
[1.385s] Level 1:colcon.colcon_core.package_discovery:discover_packages(recursive) discover
[1.385s] INFO:colcon.colcon_core.package_discovery:Crawling recursively for packages in '/home/hajisaeed/qcar2_sim'
[1.386s] Level 1:colcon.colcon_core.package_identification:_identify(.) by extensions ['ignore', 'ignore_ament_install']
[1.387s] Level 1:colcon.colcon_core.package_identification:_identify(.) by extension 'ignore'
[1.387s] Level 1:colcon.colcon_core.package_identification:_identify(.) by extension 'ignore_ament_install'
[1.387s] Level 1:colcon.colcon_core.package_identification:_identify(.) by extensions ['colcon_pkg']
[1.387s] Level 1:colcon.colcon_core.package_identification:_identify(.) by extension 'colcon_pkg'
[1.387s] Level 1:colcon.colcon_core.package_identification:_identify(.) by extensions ['colcon_meta']
[1.387s] Level 1:colcon.colcon_core.package_identification:_identify(.) by extension 'colcon_meta'
[1.388s] Level 1:colcon.colcon_core.package_identification:_identify(.) by extensions ['ros']
[1.388s] Level 1:colcon.colcon_core.package_identification:_identify(.) by extension 'ros'
[1.506s] Level 1:colcon.colcon_core.package_identification:_identify(.) by extensions ['cmake', 'python']
[1.506s] Level 1:colcon.colcon_core.package_identification:_identify(.) by extension 'cmake'
[1.507s] Level 1:colcon.colcon_core.package_identification:_identify(.) by extension 'python'
[1.507s] Level 1:colcon.colcon_core.package_identification:_identify(.) by extensions ['python_setup_py']
[1.507s] Level 1:colcon.colcon_core.package_identification:_identify(.) by extension 'python_setup_py'
[1.508s] Level 1:colcon.colcon_core.package_identification:_identify(build) by extensions ['ignore', 'ignore_ament_install']
[1.509s] Level 1:colcon.colcon_core.package_identification:_identify(build) by extension 'ignore'
[1.509s] Level 1:colcon.colcon_core.package_identification:_identify(build) ignored
[1.510s] Level 1:colcon.colcon_core.package_identification:_identify(install) by extensions ['ignore', 'ignore_ament_install']
[1.511s] Level 1:colcon.colcon_core.package_identification:_identify(install) by extension 'ignore'
[1.511s] Level 1:colcon.colcon_core.package_identification:_identify(install) ignored
[1.511s] Level 1:colcon.colcon_core.package_identification:_identify(log) by extensions ['ignore', 'ignore_ament_install']
[1.511s] Level 1:colcon.colcon_core.package_identification:_identify(log) by extension 'ignore'
[1.512s] Level 1:colcon.colcon_core.package_identification:_identify(log) ignored
[1.513s] Level 1:colcon.colcon_core.package_identification:_identify(src) by extensions ['ignore', 'ignore_ament_install']
[1.513s] Level 1:colcon.colcon_core.package_identification:_identify(src) by extension 'ignore'
[1.513s] Level 1:colcon.colcon_core.package_identification:_identify(src) by extension 'ignore_ament_install'
[1.514s] Level 1:colcon.colcon_core.package_identification:_identify(src) by extensions ['colcon_pkg']
[1.514s] Level 1:colcon.colcon_core.package_identification:_identify(src) by extension 'colcon_pkg'
[1.514s] Level 1:colcon.colcon_core.package_identification:_identify(src) by extensions ['colcon_meta']
[1.514s] Level 1:colcon.colcon_core.package_identification:_identify(src) by extension 'colcon_meta'
[1.514s] Level 1:colcon.colcon_core.package_identification:_identify(src) by extensions ['ros']
[1.514s] Level 1:colcon.colcon_core.package_identification:_identify(src) by extension 'ros'
[1.515s] Level 1:colcon.colcon_core.package_identification:_identify(src) by extensions ['cmake', 'python']
[1.515s] Level 1:colcon.colcon_core.package_identification:_identify(src) by extension 'cmake'
[1.515s] Level 1:colcon.colcon_core.package_identification:_identify(src) by extension 'python'
[1.515s] Level 1:colcon.colcon_core.package_identification:_identify(src) by extensions ['python_setup_py']
[1.515s] Level 1:colcon.colcon_core.package_identification:_identify(src) by extension 'python_setup_py'
[1.516s] Level 1:colcon.colcon_core.package_identification:_identify(src/husarion_gz_worlds) by extensions ['ignore', 'ignore_ament_install']
[1.517s] Level 1:colcon.colcon_core.package_identification:_identify(src/husarion_gz_worlds) by extension 'ignore'
[1.517s] Level 1:colcon.colcon_core.package_identification:_identify(src/husarion_gz_worlds) by extension 'ignore_ament_install'
[1.517s] Level 1:colcon.colcon_core.package_identification:_identify(src/husarion_gz_worlds) by extensions ['colcon_pkg']
[1.517s] Level 1:colcon.colcon_core.package_identification:_identify(src/husarion_gz_worlds) by extension 'colcon_pkg'
[1.518s] Level 1:colcon.colcon_core.package_identification:_identify(src/husarion_gz_worlds) by extensions ['colcon_meta']
[1.518s] Level 1:colcon.colcon_core.package_identification:_identify(src/husarion_gz_worlds) by extension 'colcon_meta'
[1.518s] Level 1:colcon.colcon_core.package_identification:_identify(src/husarion_gz_worlds) by extensions ['ros']
[1.518s] Level 1:colcon.colcon_core.package_identification:_identify(src/husarion_gz_worlds) by extension 'ros'
[1.532s] DEBUG:colcon.colcon_core.package_identification:Package 'src/husarion_gz_worlds' with type 'ros.ament_cmake' and name 'husarion_gz_worlds'
[1.533s] Level 1:colcon.colcon_core.package_identification:_identify(src/qcar2_line_tracker) by extensions ['ignore', 'ignore_ament_install']
[1.533s] Level 1:colcon.colcon_core.package_identification:_identify(src/qcar2_line_tracker) by extension 'ignore'
[1.534s] Level 1:colcon.colcon_core.package_identification:_identify(src/qcar2_line_tracker) by extension 'ignore_ament_install'
[1.534s] Level 1:colcon.colcon_core.package_identification:_identify(src/qcar2_line_tracker) by extensions ['colcon_pkg']
[1.534s] Level 1:colcon.colcon_core.package_identification:_identify(src/qcar2_line_tracker) by extension 'colcon_pkg'
[1.534s] Level 1:colcon.colcon_core.package_identification:_identify(src/qcar2_line_tracker) by extensions ['colcon_meta']
[1.534s] Level 1:colcon.colcon_core.package_identification:_identify(src/qcar2_line_tracker) by extension 'colcon_meta'
[1.534s] Level 1:colcon.colcon_core.package_identification:_identify(src/qcar2_line_tracker) by extensions ['ros']
[1.534s] Level 1:colcon.colcon_core.package_identification:_identify(src/qcar2_line_tracker) by extension 'ros'
[1.537s] DEBUG:colcon.colcon_core.package_identification:Package 'src/qcar2_line_tracker' with type 'ros.ament_python' and name 'qcar2_line_tracker'
[1.538s] Level 1:colcon.colcon_core.package_identification:_identify(src/urdf_representations) by extensions ['ignore', 'ignore_ament_install']
[1.538s] Level 1:colcon.colcon_core.package_identification:_identify(src/urdf_representations) by extension 'ignore'
[1.538s] Level 1:colcon.colcon_core.package_identification:_identify(src/urdf_representations) by extension 'ignore_ament_install'
[1.538s] Level 1:colcon.colcon_core.package_identification:_identify(src/urdf_representations) by extensions ['colcon_pkg']
[1.538s] Level 1:colcon.colcon_core.package_identification:_identify(src/urdf_representations) by extension 'colcon_pkg'
[1.539s] Level 1:colcon.colcon_core.package_identification:_identify(src/urdf_representations) by extensions ['colcon_meta']
[1.539s] Level 1:colcon.colcon_core.package_identification:_identify(src/urdf_representations) by extension 'colcon_meta'
[1.539s] Level 1:colcon.colcon_core.package_identification:_identify(src/urdf_representations) by extensions ['ros']
[1.539s] Level 1:colcon.colcon_core.package_identification:_identify(src/urdf_representations) by extension 'ros'
[1.539s] Level 1:colcon.colcon_core.package_identification:_identify(src/urdf_representations) by extensions ['cmake', 'python']
[1.539s] Level 1:colcon.colcon_core.package_identification:_identify(src/urdf_representations) by extension 'cmake'
[1.540s] Level 1:colcon.colcon_core.package_identification:_identify(src/urdf_representations) by extension 'python'
[1.540s] Level 1:colcon.colcon_core.package_identification:_identify(src/urdf_representations) by extensions ['python_setup_py']
[1.540s] Level 1:colcon.colcon_core.package_identification:_identify(src/urdf_representations) by extension 'python_setup_py'
[1.540s] Level 1:colcon.colcon_core.package_identification:_identify(src/urdf_representations/qcar2) by extensions ['ignore', 'ignore_ament_install']
[1.540s] Level 1:colcon.colcon_core.package_identification:_identify(src/urdf_representations/qcar2) by extension 'ignore'
[1.541s] Level 1:colcon.colcon_core.package_identification:_identify(src/urdf_representations/qcar2) by extension 'ignore_ament_install'
[1.541s] Level 1:colcon.colcon_core.package_identification:_identify(src/urdf_representations/qcar2) by extensions ['colcon_pkg']
[1.541s] Level 1:colcon.colcon_core.package_identification:_identify(src/urdf_representations/qcar2) by extension 'colcon_pkg'
[1.541s] Level 1:colcon.colcon_core.package_identification:_identify(src/urdf_representations/qcar2) by extensions ['colcon_meta']
[1.541s] Level 1:colcon.colcon_core.package_identification:_identify(src/urdf_representations/qcar2) by extension 'colcon_meta'
[1.541s] Level 1:colcon.colcon_core.package_identification:_identify(src/urdf_representations/qcar2) by extensions ['ros']
[1.542s] Level 1:colcon.colcon_core.package_identification:_identify(src/urdf_representations/qcar2) by extension 'ros'
[1.543s] DEBUG:colcon.colcon_core.package_identification:Package 'src/urdf_representations/qcar2' with type 'ros.ament_cmake' and name 'qcar2'
[1.543s] Level 1:colcon.colcon_core.package_discovery:discover_packages(recursive) using defaults
[1.543s] Level 1:colcon.colcon_core.package_discovery:discover_packages(ignore) discover
[1.543s] Level 1:colcon.colcon_core.package_discovery:discover_packages(ignore) using defaults
[1.543s] Level 1:colcon.colcon_core.package_discovery:discover_packages(path) discover
[1.543s] Level 1:colcon.colcon_core.package_discovery:discover_packages(path) using defaults
[1.650s] Level 1:colcon.colcon_core.package_discovery:discover_packages(prefix_path) check parameters
[1.650s] Level 1:colcon.colcon_core.package_discovery:discover_packages(prefix_path) discover
[1.674s] DEBUG:colcon.colcon_installed_package_information.package_discovery:Found 427 installed packages in /opt/ros/jazzy
[1.678s] Level 1:colcon.colcon_core.package_discovery:discover_packages(prefix_path) using defaults
[2.206s] Level 5:colcon.colcon_core.verb:set package 'husarion_gz_worlds' build argument 'cmake_args' from command line to 'None'
[2.206s] Level 5:colcon.colcon_core.verb:set package 'husarion_gz_worlds' build argument 'cmake_target' from command line to 'None'
[2.206s] Level 5:colcon.colcon_core.verb:set package 'husarion_gz_worlds' build argument 'cmake_target_skip_unavailable' from command line to 'False'
[2.207s] Level 5:colcon.colcon_core.verb:set package 'husarion_gz_worlds' build argument 'cmake_clean_cache' from command line to 'False'
[2.207s] Level 5:colcon.colcon_core.verb:set package 'husarion_gz_worlds' build argument 'cmake_clean_first' from command line to 'False'
[2.207s] Level 5:colcon.colcon_core.verb:set package 'husarion_gz_worlds' build argument 'cmake_force_configure' from command line to 'False'
[2.207s] Level 5:colcon.colcon_core.verb:set package 'husarion_gz_worlds' build argument 'ament_cmake_args' from command line to 'None'
[2.207s] Level 5:colcon.colcon_core.verb:set package 'husarion_gz_worlds' build argument 'catkin_cmake_args' from command line to 'None'
[2.207s] Level 5:colcon.colcon_core.verb:set package 'husarion_gz_worlds' build argument 'catkin_skip_building_tests' from command line to 'False'
[2.207s] DEBUG:colcon.colcon_core.verb:Building package 'husarion_gz_worlds' with the following arguments: {'ament_cmake_args': None, 'build_base': '/home/hajisaeed/qcar2_sim/build/husarion_gz_worlds', 'catkin_cmake_args': None, 'catkin_skip_building_tests': False, 'cmake_args': None, 'cmake_clean_cache': False, 'cmake_clean_first': False, 'cmake_force_configure': False, 'cmake_target': None, 'cmake_target_skip_unavailable': False, 'install_base': '/home/hajisaeed/qcar2_sim/install/husarion_gz_worlds', 'merge_install': False, 'path': '/home/hajisaeed/qcar2_sim/src/husarion_gz_worlds', 'symlink_install': True, 'test_result_base': None}
[2.207s] Level 5:colcon.colcon_core.verb:set package 'qcar2' build argument 'cmake_args' from command line to 'None'
[2.207s] Level 5:colcon.colcon_core.verb:set package 'qcar2' build argument 'cmake_target' from command line to 'None'
[2.207s] Level 5:colcon.colcon_core.verb:set package 'qcar2' build argument 'cmake_target_skip_unavailable' from command line to 'False'
[2.207s] Level 5:colcon.colcon_core.verb:set package 'qcar2' build argument 'cmake_clean_cache' from command line to 'False'
[2.207s] Level 5:colcon.colcon_core.verb:set package 'qcar2' build argument 'cmake_clean_first' from command line to 'False'
[2.207s] Level 5:colcon.colcon_core.verb:set package 'qcar2' build argument 'cmake_force_configure' from command line to 'False'
[2.207s] Level 5:colcon.colcon_core.verb:set package 'qcar2' build argument 'ament_cmake_args' from command line to 'None'
[2.207s] Level 5:colcon.colcon_core.verb:set package 'qcar2' build argument 'catkin_cmake_args' from command line to 'None'
[2.208s] Level 5:colcon.colcon_core.verb:set package 'qcar2' build argument 'catkin_skip_building_tests' from command line to 'False'
[2.208s] DEBUG:colcon.colcon_core.verb:Building package 'qcar2' with the following arguments: {'ament_cmake_args': None, 'build_base': '/home/hajisaeed/qcar2_sim/build/qcar2', 'catkin_cmake_args': None, 'catkin_skip_building_tests': False, 'cmake_args': None, 'cmake_clean_cache': False, 'cmake_clean_first': False, 'cmake_force_configure': False, 'cmake_target': None, 'cmake_target_skip_unavailable': False, 'install_base': '/home/hajisaeed/qcar2_sim/install/qcar2', 'merge_install': False, 'path': '/home/hajisaeed/qcar2_sim/src/urdf_representations/qcar2', 'symlink_install': True, 'test_result_base': None}
[2.208s] Level 5:colcon.colcon_core.verb:set package 'qcar2_line_tracker' build argument 'cmake_args' from command line to 'None'
[2.208s] Level 5:colcon.colcon_core.verb:set package 'qcar2_line_tracker' build argument 'cmake_target' from command line to 'None'
[2.208s] Level 5:colcon.colcon_core.verb:set package 'qcar2_line_tracker' build argument 'cmake_target_skip_unavailable' from command line to 'False'
[2.208s] Level 5:colcon.colcon_core.verb:set package 'qcar2_line_tracker' build argument 'cmake_clean_cache' from command line to 'False'
[2.208s] Level 5:colcon.colcon_core.verb:set package 'qcar2_line_tracker' build argument 'cmake_clean_first' from command line to 'False'
[2.208s] Level 5:colcon.colcon_core.verb:set package 'qcar2_line_tracker' build argument 'cmake_force_configure' from command line to 'False'
[2.208s] Level 5:colcon.colcon_core.verb:set package 'qcar2_line_tracker' build argument 'ament_cmake_args' from command line to 'None'
[2.208s] Level 5:colcon.colcon_core.verb:set package 'qcar2_line_tracker' build argument 'catkin_cmake_args' from command line to 'None'
[2.208s] Level 5:colcon.colcon_core.verb:set package 'qcar2_line_tracker' build argument 'catkin_skip_building_tests' from command line to 'False'
[2.209s] DEBUG:colcon.colcon_core.verb:Building package 'qcar2_line_tracker' with the following arguments: {'ament_cmake_args': None, 'build_base': '/home/hajisaeed/qcar2_sim/build/qcar2_line_tracker', 'catkin_cmake_args': None, 'catkin_skip_building_tests': False, 'cmake_args': None, 'cmake_clean_cache': False, 'cmake_clean_first': False, 'cmake_force_configure': False, 'cmake_target': None, 'cmake_target_skip_unavailable': False, 'install_base': '/home/hajisaeed/qcar2_sim/install/qcar2_line_tracker', 'merge_install': False, 'path': '/home/hajisaeed/qcar2_sim/src/qcar2_line_tracker', 'symlink_install': True, 'test_result_base': None}
[2.209s] INFO:colcon.colcon_core.executor:Executing jobs using 'parallel' executor
[2.210s] DEBUG:colcon.colcon_parallel_executor.executor.parallel:run_until_complete
[2.211s] INFO:colcon.colcon_ros.task.ament_cmake.build:Building ROS package in '/home/hajisaeed/qcar2_sim/src/husarion_gz_worlds' with build type 'ament_cmake'
[2.211s] INFO:colcon.colcon_cmake.task.cmake.build:Building CMake package in '/home/hajisaeed/qcar2_sim/src/husarion_gz_worlds'
[2.226s] INFO:colcon.colcon_core.plugin_system:Skipping extension 'colcon_core.shell.bat': Not used on non-Windows systems
[2.226s] INFO:colcon.colcon_core.shell:Skip shell extension 'powershell' for command environment: Not usable outside of PowerShell
[2.226s] DEBUG:colcon.colcon_core.shell:Skip shell extension 'dsv' for command environment
[2.236s] INFO:colcon.colcon_ros.task.ament_cmake.build:Building ROS package in '/home/hajisaeed/qcar2_sim/src/urdf_representations/qcar2' with build type 'ament_cmake'
[2.236s] INFO:colcon.colcon_cmake.task.cmake.build:Building CMake package in '/home/hajisaeed/qcar2_sim/src/urdf_representations/qcar2'
[2.236s] INFO:colcon.colcon_core.shell:Skip shell extension 'powershell' for command environment: Not usable outside of PowerShell
[2.237s] DEBUG:colcon.colcon_core.shell:Skip shell extension 'dsv' for command environment
[2.246s] INFO:colcon.colcon_ros.task.ament_python.build:Building ROS package in '/home/hajisaeed/qcar2_sim/src/qcar2_line_tracker' with build type 'ament_python'
[2.247s] Level 1:colcon.colcon_core.shell:create_environment_hook('qcar2_line_tracker', 'ament_prefix_path')
[2.247s] INFO:colcon.colcon_core.shell:Creating environment hook '/home/hajisaeed/qcar2_sim/install/qcar2_line_tracker/share/qcar2_line_tracker/hook/ament_prefix_path.ps1'
[2.250s] INFO:colcon.colcon_core.shell:Creating environment descriptor '/home/hajisaeed/qcar2_sim/install/qcar2_line_tracker/share/qcar2_line_tracker/hook/ament_prefix_path.dsv'
[2.251s] INFO:colcon.colcon_core.shell:Creating environment hook '/home/hajisaeed/qcar2_sim/install/qcar2_line_tracker/share/qcar2_line_tracker/hook/ament_prefix_path.sh'
[2.254s] INFO:colcon.colcon_core.shell:Skip shell extension 'powershell' for command environment: Not usable outside of PowerShell
[2.254s] DEBUG:colcon.colcon_core.shell:Skip shell extension 'dsv' for command environment
[2.273s] DEBUG:colcon.colcon_core.event_handler.log_command:Invoking command in '/home/hajisaeed/qcar2_sim/build/husarion_gz_worlds': CMAKE_PREFIX_PATH=${CMAKE_PREFIX_PATH}:/opt/ros/jazzy /usr/bin/cmake /home/hajisaeed/qcar2_sim/src/husarion_gz_worlds -DAMENT_CMAKE_SYMLINK_INSTALL=1 -DCMAKE_INSTALL_PREFIX=/home/hajisaeed/qcar2_sim/install/husarion_gz_worlds
[2.288s] DEBUG:colcon.colcon_core.event_handler.log_command:Invoking command in '/home/hajisaeed/qcar2_sim/build/qcar2': CMAKE_PREFIX_PATH=${CMAKE_PREFIX_PATH}:/opt/ros/jazzy /usr/bin/cmake /home/hajisaeed/qcar2_sim/src/urdf_representations/qcar2 -DAMENT_CMAKE_SYMLINK_INSTALL=1 -DCMAKE_INSTALL_PREFIX=/home/hajisaeed/qcar2_sim/install/qcar2
[2.711s] INFO:colcon.colcon_core.task.python.build:Building Python package in '/home/hajisaeed/qcar2_sim/src/qcar2_line_tracker'
[2.712s] INFO:colcon.colcon_core.shell:Skip shell extension 'powershell' for command environment: Not usable outside of PowerShell
[2.712s] DEBUG:colcon.colcon_core.shell:Skip shell extension 'dsv' for command environment
[3.193s] DEBUG:colcon.colcon_core.event_handler.log_command:Invoked command in '/home/hajisaeed/qcar2_sim/build/qcar2' returned '0': CMAKE_PREFIX_PATH=${CMAKE_PREFIX_PATH}:/opt/ros/jazzy /usr/bin/cmake /home/hajisaeed/qcar2_sim/src/urdf_representations/qcar2 -DAMENT_CMAKE_SYMLINK_INSTALL=1 -DCMAKE_INSTALL_PREFIX=/home/hajisaeed/qcar2_sim/install/qcar2
[3.195s] DEBUG:colcon.colcon_core.event_handler.log_command:Invoking command in '/home/hajisaeed/qcar2_sim/build/qcar2': CMAKE_PREFIX_PATH=${CMAKE_PREFIX_PATH}:/opt/ros/jazzy /usr/bin/cmake --build /home/hajisaeed/qcar2_sim/build/qcar2 -- -j12 -l12
[3.199s] DEBUG:colcon.colcon_core.event_handler.log_command:Invoked command in '/home/hajisaeed/qcar2_sim/build/husarion_gz_worlds' returned '0': CMAKE_PREFIX_PATH=${CMAKE_PREFIX_PATH}:/opt/ros/jazzy /usr/bin/cmake /home/hajisaeed/qcar2_sim/src/husarion_gz_worlds -DAMENT_CMAKE_SYMLINK_INSTALL=1 -DCMAKE_INSTALL_PREFIX=/home/hajisaeed/qcar2_sim/install/husarion_gz_worlds
[3.200s] DEBUG:colcon.colcon_core.event_handler.log_command:Invoking command in '/home/hajisaeed/qcar2_sim/build/husarion_gz_worlds': CMAKE_PREFIX_PATH=${CMAKE_PREFIX_PATH}:/opt/ros/jazzy /usr/bin/cmake --build /home/hajisaeed/qcar2_sim/build/husarion_gz_worlds -- -j12 -l12
[3.278s] DEBUG:colcon.colcon_core.event_handler.log_command:Invoked command in '/home/hajisaeed/qcar2_sim/build/qcar2' returned '0': CMAKE_PREFIX_PATH=${CMAKE_PREFIX_PATH}:/opt/ros/jazzy /usr/bin/cmake --build /home/hajisaeed/qcar2_sim/build/qcar2 -- -j12 -l12
[3.300s] DEBUG:colcon.colcon_core.event_handler.log_command:Invoking command in '/home/hajisaeed/qcar2_sim/build/qcar2': CMAKE_PREFIX_PATH=${CMAKE_PREFIX_PATH}:/opt/ros/jazzy /usr/bin/cmake --install /home/hajisaeed/qcar2_sim/build/qcar2
[3.305s] DEBUG:colcon.colcon_core.event_handler.log_command:Invoked command in '/home/hajisaeed/qcar2_sim/build/husarion_gz_worlds' returned '0': CMAKE_PREFIX_PATH=${CMAKE_PREFIX_PATH}:/opt/ros/jazzy /usr/bin/cmake --build /home/hajisaeed/qcar2_sim/build/husarion_gz_worlds -- -j12 -l12
[3.307s] DEBUG:colcon.colcon_core.event_handler.log_command:Invoking command in '/home/hajisaeed/qcar2_sim/build/husarion_gz_worlds': CMAKE_PREFIX_PATH=${CMAKE_PREFIX_PATH}:/opt/ros/jazzy /usr/bin/cmake --install /home/hajisaeed/qcar2_sim/build/husarion_gz_worlds
[3.970s] Level 1:colcon.colcon_core.environment:create_environment_scripts_only(qcar2)
[3.973s] DEBUG:colcon.colcon_core.event_handler.log_command:Invoked command in '/home/hajisaeed/qcar2_sim/build/qcar2' returned '0': CMAKE_PREFIX_PATH=${CMAKE_PREFIX_PATH}:/opt/ros/jazzy /usr/bin/cmake --install /home/hajisaeed/qcar2_sim/build/qcar2
[3.999s] Level 1:colcon.colcon_core.environment:checking '/home/hajisaeed/qcar2_sim/install/qcar2' for CMake module files
[4.003s] Level 1:colcon.colcon_core.environment:checking '/home/hajisaeed/qcar2_sim/install/qcar2' for CMake config files
[4.005s] Level 1:colcon.colcon_core.shell:create_environment_hook('qcar2', 'cmake_prefix_path')
[4.005s] INFO:colcon.colcon_core.shell:Creating environment hook '/home/hajisaeed/qcar2_sim/install/qcar2/share/qcar2/hook/cmake_prefix_path.ps1'
[4.008s] INFO:colcon.colcon_core.shell:Creating environment descriptor '/home/hajisaeed/qcar2_sim/install/qcar2/share/qcar2/hook/cmake_prefix_path.dsv'
[4.009s] INFO:colcon.colcon_core.shell:Creating environment hook '/home/hajisaeed/qcar2_sim/install/qcar2/share/qcar2/hook/cmake_prefix_path.sh'
[4.011s] Level 1:colcon.colcon_core.environment:checking '/home/hajisaeed/qcar2_sim/install/qcar2/bin'
[4.012s] Level 1:colcon.colcon_core.environment:checking '/home/hajisaeed/qcar2_sim/install/qcar2/lib/pkgconfig/qcar2.pc'
[4.013s] Level 1:colcon.colcon_core.environment:checking '/home/hajisaeed/qcar2_sim/install/qcar2/lib/python3.12/site-packages'
[4.014s] Level 1:colcon.colcon_core.environment:checking '/home/hajisaeed/qcar2_sim/install/qcar2/bin'
[4.015s] INFO:colcon.colcon_core.shell:Creating package script '/home/hajisaeed/qcar2_sim/install/qcar2/share/qcar2/package.ps1'
[4.020s] INFO:colcon.colcon_core.shell:Creating package descriptor '/home/hajisaeed/qcar2_sim/install/qcar2/share/qcar2/package.dsv'
[4.023s] INFO:colcon.colcon_core.shell:Creating package script '/home/hajisaeed/qcar2_sim/install/qcar2/share/qcar2/package.sh'
[4.026s] INFO:colcon.colcon_core.shell:Creating package script '/home/hajisaeed/qcar2_sim/install/qcar2/share/qcar2/package.bash'
[4.030s] INFO:colcon.colcon_core.shell:Creating package script '/home/hajisaeed/qcar2_sim/install/qcar2/share/qcar2/package.zsh'
[4.033s] Level 1:colcon.colcon_core.environment:create_file_with_runtime_dependencies(/home/hajisaeed/qcar2_sim/install/qcar2/share/colcon-core/packages/qcar2)
[4.036s] Level 1:colcon.colcon_core.environment:create_environment_scripts_only(qcar2)
[4.037s] Level 1:colcon.colcon_core.environment:checking '/home/hajisaeed/qcar2_sim/install/qcar2' for CMake module files
[4.041s] Level 1:colcon.colcon_core.environment:checking '/home/hajisaeed/qcar2_sim/install/qcar2' for CMake config files
[4.043s] Level 1:colcon.colcon_core.shell:create_environment_hook('qcar2', 'cmake_prefix_path')
[4.043s] INFO:colcon.colcon_core.shell:Creating environment hook '/home/hajisaeed/qcar2_sim/install/qcar2/share/qcar2/hook/cmake_prefix_path.ps1'
[4.045s] INFO:colcon.colcon_core.shell:Creating environment descriptor '/home/hajisaeed/qcar2_sim/install/qcar2/share/qcar2/hook/cmake_prefix_path.dsv'
[4.046s] INFO:colcon.colcon_core.shell:Creating environment hook '/home/hajisaeed/qcar2_sim/install/qcar2/share/qcar2/hook/cmake_prefix_path.sh'
[4.048s] Level 1:colcon.colcon_core.environment:checking '/home/hajisaeed/qcar2_sim/install/qcar2/bin'
[4.048s] Level 1:colcon.colcon_core.environment:checking '/home/hajisaeed/qcar2_sim/install/qcar2/lib/pkgconfig/qcar2.pc'
[4.049s] Level 1:colcon.colcon_core.environment:checking '/home/hajisaeed/qcar2_sim/install/qcar2/lib/python3.12/site-packages'
[4.051s] Level 1:colcon.colcon_core.environment:checking '/home/hajisaeed/qcar2_sim/install/qcar2/bin'
[4.052s] INFO:colcon.colcon_core.shell:Creating package script '/home/hajisaeed/qcar2_sim/install/qcar2/share/qcar2/package.ps1'
[4.054s] INFO:colcon.colcon_core.shell:Creating package descriptor '/home/hajisaeed/qcar2_sim/install/qcar2/share/qcar2/package.dsv'
[4.055s] INFO:colcon.colcon_core.shell:Creating package script '/home/hajisaeed/qcar2_sim/install/qcar2/share/qcar2/package.sh'
[4.057s] INFO:colcon.colcon_core.shell:Creating package script '/home/hajisaeed/qcar2_sim/install/qcar2/share/qcar2/package.bash'
[4.060s] INFO:colcon.colcon_core.shell:Creating package script '/home/hajisaeed/qcar2_sim/install/qcar2/share/qcar2/package.zsh'
[4.062s] Level 1:colcon.colcon_core.environment:create_file_with_runtime_dependencies(/home/hajisaeed/qcar2_sim/install/qcar2/share/colcon-core/packages/qcar2)
[4.978s] DEBUG:colcon.colcon_core.event_handler.log_command:Invoking command in '/home/hajisaeed/qcar2_sim/build/qcar2_line_tracker': PYTHONPATH=/home/hajisaeed/qcar2_sim/build/qcar2_line_tracker/prefix_override:/usr/lib/python3/dist-packages/colcon_core/task/python/colcon_distutils_commands:/home/hajisaeed/qcar2_sim/install/qcar2_line_tracker/lib/python3.12/site-packages:${PYTHONPATH} /usr/bin/python3 -W ignore:setup.py install is deprecated -W ignore:easy_install command is deprecated setup.py develop --editable --build-directory /home/hajisaeed/qcar2_sim/build/qcar2_line_tracker/build --no-deps symlink_data
[5.614s] Level 1:colcon.colcon_core.environment:create_environment_scripts_only(husarion_gz_worlds)
[5.615s] Level 1:colcon.colcon_core.environment:checking '/home/hajisaeed/qcar2_sim/install/husarion_gz_worlds' for CMake module files
[5.617s] DEBUG:colcon.colcon_core.event_handler.log_command:Invoked command in '/home/hajisaeed/qcar2_sim/build/husarion_gz_worlds' returned '0': CMAKE_PREFIX_PATH=${CMAKE_PREFIX_PATH}:/opt/ros/jazzy /usr/bin/cmake --install /home/hajisaeed/qcar2_sim/build/husarion_gz_worlds
[5.618s] Level 1:colcon.colcon_core.environment:checking '/home/hajisaeed/qcar2_sim/install/husarion_gz_worlds' for CMake config files
[5.625s] Level 1:colcon.colcon_core.shell:create_environment_hook('husarion_gz_worlds', 'cmake_prefix_path')
[5.626s] INFO:colcon.colcon_core.shell:Creating environment hook '/home/hajisaeed/qcar2_sim/install/husarion_gz_worlds/share/husarion_gz_worlds/hook/cmake_prefix_path.ps1'
[5.627s] INFO:colcon.colcon_core.shell:Creating environment descriptor '/home/hajisaeed/qcar2_sim/install/husarion_gz_worlds/share/husarion_gz_worlds/hook/cmake_prefix_path.dsv'
[5.628s] INFO:colcon.colcon_core.shell:Creating environment hook '/home/hajisaeed/qcar2_sim/install/husarion_gz_worlds/share/husarion_gz_worlds/hook/cmake_prefix_path.sh'
[5.630s] Level 1:colcon.colcon_core.environment:checking '/home/hajisaeed/qcar2_sim/install/husarion_gz_worlds/bin'
[5.630s] Level 1:colcon.colcon_core.environment:checking '/home/hajisaeed/qcar2_sim/install/husarion_gz_worlds/lib/pkgconfig/husarion_gz_worlds.pc'
[5.630s] Level 1:colcon.colcon_core.environment:checking '/home/hajisaeed/qcar2_sim/install/husarion_gz_worlds/lib/python3.12/site-packages'
[5.631s] Level 1:colcon.colcon_core.environment:checking '/home/hajisaeed/qcar2_sim/install/husarion_gz_worlds/bin'
[5.632s] INFO:colcon.colcon_core.shell:Creating package script '/home/hajisaeed/qcar2_sim/install/husarion_gz_worlds/share/husarion_gz_worlds/package.ps1'
[5.634s] INFO:colcon.colcon_core.shell:Creating package descriptor '/home/hajisaeed/qcar2_sim/install/husarion_gz_worlds/share/husarion_gz_worlds/package.dsv'
[5.635s] INFO:colcon.colcon_core.shell:Creating package script '/home/hajisaeed/qcar2_sim/install/husarion_gz_worlds/share/husarion_gz_worlds/package.sh'
[5.636s] INFO:colcon.colcon_core.shell:Creating package script '/home/hajisaeed/qcar2_sim/install/husarion_gz_worlds/share/husarion_gz_worlds/package.bash'
[5.637s] INFO:colcon.colcon_core.shell:Creating package script '/home/hajisaeed/qcar2_sim/install/husarion_gz_worlds/share/husarion_gz_worlds/package.zsh'
[5.637s] Level 1:colcon.colcon_core.environment:create_file_with_runtime_dependencies(/home/hajisaeed/qcar2_sim/install/husarion_gz_worlds/share/colcon-core/packages/husarion_gz_worlds)
[5.639s] Level 1:colcon.colcon_core.environment:create_environment_scripts_only(husarion_gz_worlds)
[5.639s] Level 1:colcon.colcon_core.environment:checking '/home/hajisaeed/qcar2_sim/install/husarion_gz_worlds' for CMake module files
[5.641s] Level 1:colcon.colcon_core.environment:checking '/home/hajisaeed/qcar2_sim/install/husarion_gz_worlds' for CMake config files
[5.643s] Level 1:colcon.colcon_core.shell:create_environment_hook('husarion_gz_worlds', 'cmake_prefix_path')
[5.644s] INFO:colcon.colcon_core.shell:Creating environment hook '/home/hajisaeed/qcar2_sim/install/husarion_gz_worlds/share/husarion_gz_worlds/hook/cmake_prefix_path.ps1'
[5.645s] INFO:colcon.colcon_core.shell:Creating environment descriptor '/home/hajisaeed/qcar2_sim/install/husarion_gz_worlds/share/husarion_gz_worlds/hook/cmake_prefix_path.dsv'
[5.646s] INFO:colcon.colcon_core.shell:Creating environment hook '/home/hajisaeed/qcar2_sim/install/husarion_gz_worlds/share/husarion_gz_worlds/hook/cmake_prefix_path.sh'
[5.647s] Level 1:colcon.colcon_core.environment:checking '/home/hajisaeed/qcar2_sim/install/husarion_gz_worlds/bin'
[5.647s] Level 1:colcon.colcon_core.environment:checking '/home/hajisaeed/qcar2_sim/install/husarion_gz_worlds/lib/pkgconfig/husarion_gz_worlds.pc'
[5.648s] Level 1:colcon.colcon_core.environment:checking '/home/hajisaeed/qcar2_sim/install/husarion_gz_worlds/lib/python3.12/site-packages'
[5.649s] Level 1:colcon.colcon_core.environment:checking '/home/hajisaeed/qcar2_sim/install/husarion_gz_worlds/bin'
[5.649s] INFO:colcon.colcon_core.shell:Creating package script '/home/hajisaeed/qcar2_sim/install/husarion_gz_worlds/share/husarion_gz_worlds/package.ps1'
[5.651s] INFO:colcon.colcon_core.shell:Creating package descriptor '/home/hajisaeed/qcar2_sim/install/husarion_gz_worlds/share/husarion_gz_worlds/package.dsv'
[5.652s] INFO:colcon.colcon_core.shell:Creating package script '/home/hajisaeed/qcar2_sim/install/husarion_gz_worlds/share/husarion_gz_worlds/package.sh'
[5.653s] INFO:colcon.colcon_core.shell:Creating package script '/home/hajisaeed/qcar2_sim/install/husarion_gz_worlds/share/husarion_gz_worlds/package.bash'
[5.654s] INFO:colcon.colcon_core.shell:Creating package script '/home/hajisaeed/qcar2_sim/install/husarion_gz_worlds/share/husarion_gz_worlds/package.zsh'
[5.655s] Level 1:colcon.colcon_core.environment:create_file_with_runtime_dependencies(/home/hajisaeed/qcar2_sim/install/husarion_gz_worlds/share/colcon-core/packages/husarion_gz_worlds)
[6.279s] Level 1:colcon.colcon_core.shell:create_environment_hook('qcar2_line_tracker', 'pythonpath_develop')
[6.280s] INFO:colcon.colcon_core.shell:Creating environment hook '/home/hajisaeed/qcar2_sim/build/qcar2_line_tracker/share/qcar2_line_tracker/hook/pythonpath_develop.ps1'
[6.283s] DEBUG:colcon.colcon_core.event_handler.log_command:Invoked command in '/home/hajisaeed/qcar2_sim/build/qcar2_line_tracker' returned '0': PYTHONPATH=/home/hajisaeed/qcar2_sim/build/qcar2_line_tracker/prefix_override:/usr/lib/python3/dist-packages/colcon_core/task/python/colcon_distutils_commands:/home/hajisaeed/qcar2_sim/install/qcar2_line_tracker/lib/python3.12/site-packages:${PYTHONPATH} /usr/bin/python3 -W ignore:setup.py install is deprecated -W ignore:easy_install command is deprecated setup.py develop --editable --build-directory /home/hajisaeed/qcar2_sim/build/qcar2_line_tracker/build --no-deps symlink_data
[6.284s] INFO:colcon.colcon_core.shell:Creating environment descriptor '/home/hajisaeed/qcar2_sim/build/qcar2_line_tracker/share/qcar2_line_tracker/hook/pythonpath_develop.dsv'
[6.285s] INFO:colcon.colcon_core.shell:Creating environment hook '/home/hajisaeed/qcar2_sim/build/qcar2_line_tracker/share/qcar2_line_tracker/hook/pythonpath_develop.sh'
[6.287s] Level 1:colcon.colcon_core.environment:checking '/home/hajisaeed/qcar2_sim/install/qcar2_line_tracker' for CMake module files
[6.291s] Level 1:colcon.colcon_core.environment:checking '/home/hajisaeed/qcar2_sim/install/qcar2_line_tracker' for CMake config files
[6.309s] Level 1:colcon.colcon_core.environment:checking '/home/hajisaeed/qcar2_sim/install/qcar2_line_tracker/lib'
[6.310s] Level 1:colcon.colcon_core.environment:checking '/home/hajisaeed/qcar2_sim/install/qcar2_line_tracker/bin'
[6.310s] Level 1:colcon.colcon_core.environment:checking '/home/hajisaeed/qcar2_sim/install/qcar2_line_tracker/lib/pkgconfig/qcar2_line_tracker.pc'
[6.311s] Level 1:colcon.colcon_core.environment:checking '/home/hajisaeed/qcar2_sim/install/qcar2_line_tracker/lib/python3.12/site-packages'
[6.312s] Level 1:colcon.colcon_core.shell:create_environment_hook('qcar2_line_tracker', 'pythonpath')
[6.313s] INFO:colcon.colcon_core.shell:Creating environment hook '/home/hajisaeed/qcar2_sim/install/qcar2_line_tracker/share/qcar2_line_tracker/hook/pythonpath.ps1'
[6.314s] INFO:colcon.colcon_core.shell:Creating environment descriptor '/home/hajisaeed/qcar2_sim/install/qcar2_line_tracker/share/qcar2_line_tracker/hook/pythonpath.dsv'
[6.316s] INFO:colcon.colcon_core.shell:Creating environment hook '/home/hajisaeed/qcar2_sim/install/qcar2_line_tracker/share/qcar2_line_tracker/hook/pythonpath.sh'
[6.319s] Level 1:colcon.colcon_core.environment:checking '/home/hajisaeed/qcar2_sim/install/qcar2_line_tracker/bin'
[6.319s] Level 1:colcon.colcon_core.environment:create_environment_scripts_only(qcar2_line_tracker)
[6.320s] INFO:colcon.colcon_core.shell:Creating package script '/home/hajisaeed/qcar2_sim/install/qcar2_line_tracker/share/qcar2_line_tracker/package.ps1'
[6.322s] INFO:colcon.colcon_core.shell:Creating package descriptor '/home/hajisaeed/qcar2_sim/install/qcar2_line_tracker/share/qcar2_line_tracker/package.dsv'
[6.324s] INFO:colcon.colcon_core.shell:Creating package script '/home/hajisaeed/qcar2_sim/install/qcar2_line_tracker/share/qcar2_line_tracker/package.sh'
[6.326s] INFO:colcon.colcon_core.shell:Creating package script '/home/hajisaeed/qcar2_sim/install/qcar2_line_tracker/share/qcar2_line_tracker/package.bash'
[6.328s] INFO:colcon.colcon_core.shell:Creating package script '/home/hajisaeed/qcar2_sim/install/qcar2_line_tracker/share/qcar2_line_tracker/package.zsh'
[6.329s] Level 1:colcon.colcon_core.environment:create_file_with_runtime_dependencies(/home/hajisaeed/qcar2_sim/install/qcar2_line_tracker/share/colcon-core/packages/qcar2_line_tracker)
[6.330s] DEBUG:colcon.colcon_parallel_executor.executor.parallel:closing loop
[6.332s] DEBUG:colcon.colcon_parallel_executor.executor.parallel:loop closed
[6.332s] DEBUG:colcon.colcon_parallel_executor.executor.parallel:run_until_complete finished with '0'
[6.332s] DEBUG:colcon.colcon_core.event_reactor:joining thread
[6.474s] INFO:colcon.colcon_core.plugin_system:Skipping extension 'colcon_notification.desktop_notification.notify_send': Could not find 'notify-send'
[6.475s] INFO:colcon.colcon_core.plugin_system:Skipping extension 'colcon_notification.desktop_notification.terminal_notifier': Not used on non-Darwin systems
[6.475s] INFO:colcon.colcon_core.plugin_system:Skipping extension 'colcon_notification.desktop_notification.win32': Not used on non-Windows systems
[6.475s] INFO:colcon.colcon_notification.desktop_notification:Sending desktop notification using 'notify2'
[6.483s] DEBUG:colcon.colcon_notification.desktop_notification.notify2:Failed to initialize notify2: org.freedesktop.DBus.Error.ServiceUnknown: The name org.freedesktop.Notifications was not provided by any .service files
[6.483s] DEBUG:colcon.colcon_core.event_reactor:joined thread
[6.484s] INFO:colcon.colcon_core.shell:Creating prefix script '/home/hajisaeed/qcar2_sim/install/local_setup.ps1'
[6.488s] INFO:colcon.colcon_core.shell:Creating prefix util module '/home/hajisaeed/qcar2_sim/install/_local_setup_util_ps1.py'
[6.494s] INFO:colcon.colcon_core.shell:Creating prefix chain script '/home/hajisaeed/qcar2_sim/install/setup.ps1'
[6.499s] INFO:colcon.colcon_core.shell:Creating prefix script '/home/hajisaeed/qcar2_sim/install/local_setup.sh'
[6.502s] INFO:colcon.colcon_core.shell:Creating prefix util module '/home/hajisaeed/qcar2_sim/install/_local_setup_util_sh.py'
[6.504s] INFO:colcon.colcon_core.shell:Creating prefix chain script '/home/hajisaeed/qcar2_sim/install/setup.sh'
[6.509s] INFO:colcon.colcon_core.shell:Creating prefix script '/home/hajisaeed/qcar2_sim/install/local_setup.bash'
[6.511s] INFO:colcon.colcon_core.shell:Creating prefix chain script '/home/hajisaeed/qcar2_sim/install/setup.bash'
[6.516s] INFO:colcon.colcon_core.shell:Creating prefix script '/home/hajisaeed/qcar2_sim/install/local_setup.zsh'
[6.519s] INFO:colcon.colcon_core.shell:Creating prefix chain script '/home/hajisaeed/qcar2_sim/install/setup.zsh'
