[0.876s] DEBUG:colcon:Command line arguments: ['/usr/bin/colcon', 'build', '--symlink-install']
[0.876s] DEBUG:colcon:Parsed command line arguments: Namespace(log_base=None, log_level=None, verb_name='build', build_base='build', install_base='install', merge_install=False, symlink_install=True, test_result_base=None, continue_on_error=False, executor='parallel', parallel_workers=12, event_handlers=None, ignore_user_meta=False, metas=['./colcon.meta'], base_paths=['.'], packages_ignore=None, packages_ignore_regex=None, paths=None, packages_up_to=None, packages_up_to_regex=None, packages_above=None, packages_above_and_dependencies=None, packages_above_depth=None, packages_select_by_dep=None, packages_skip_by_dep=None, packages_skip_up_to=None, packages_select_build_failed=False, packages_skip_build_finished=False, packages_select_test_failures=False, packages_skip_test_passed=False, packages_select=None, packages_skip=None, packages_select_regex=None, packages_skip_regex=None, packages_start=None, packages_end=None, allow_overriding=[], cmake_args=None, cmake_target=None, cmake_target_skip_unavailable=False, cmake_clean_cache=False, cmake_clean_first=False, cmake_force_configure=False, ament_cmake_args=None, catkin_cmake_args=None, catkin_skip_building_tests=False, verb_parser=<colcon_defaults.argument_parser.defaults.DefaultArgumentsDecorator object at 0x7efdaf721550>, verb_extension=<colcon_core.verb.build.BuildVerb object at 0x7efdaf8499d0>, main=<bound method BuildVerb.main of <colcon_core.verb.build.BuildVerb object at 0x7efdaf8499d0>>)
[1.164s] Level 1:colcon.colcon_core.package_discovery:discover_packages(colcon_meta) check parameters
[1.165s] Level 1:colcon.colcon_core.package_discovery:discover_packages(recursive) check parameters
[1.165s] Level 1:colcon.colcon_core.package_discovery:discover_packages(ignore) check parameters
[1.165s] Level 1:colcon.colcon_core.package_discovery:discover_packages(path) check parameters
[1.165s] Level 1:colcon.colcon_core.package_discovery:discover_packages(colcon_meta) discover
[1.165s] Level 1:colcon.colcon_core.package_discovery:discover_packages(recursive) discover
[1.165s] INFO:colcon.colcon_core.package_discovery:Crawling recursively for packages in '/home/hajisaeed/qcar2_sim'
[1.166s] Level 1:colcon.colcon_core.package_identification:_identify(.) by extensions ['ignore', 'ignore_ament_install']
[1.166s] Level 1:colcon.colcon_core.package_identification:_identify(.) by extension 'ignore'
[1.166s] Level 1:colcon.colcon_core.package_identification:_identify(.) by extension 'ignore_ament_install'
[1.166s] Level 1:colcon.colcon_core.package_identification:_identify(.) by extensions ['colcon_pkg']
[1.167s] Level 1:colcon.colcon_core.package_identification:_identify(.) by extension 'colcon_pkg'
[1.167s] Level 1:colcon.colcon_core.package_identification:_identify(.) by extensions ['colcon_meta']
[1.167s] Level 1:colcon.colcon_core.package_identification:_identify(.) by extension 'colcon_meta'
[1.167s] Level 1:colcon.colcon_core.package_identification:_identify(.) by extensions ['ros']
[1.167s] Level 1:colcon.colcon_core.package_identification:_identify(.) by extension 'ros'
[1.304s] Level 1:colcon.colcon_core.package_identification:_identify(.) by extensions ['cmake', 'python']
[1.304s] Level 1:colcon.colcon_core.package_identification:_identify(.) by extension 'cmake'
[1.305s] Level 1:colcon.colcon_core.package_identification:_identify(.) by extension 'python'
[1.305s] Level 1:colcon.colcon_core.package_identification:_identify(.) by extensions ['python_setup_py']
[1.305s] Level 1:colcon.colcon_core.package_identification:_identify(.) by extension 'python_setup_py'
[1.306s] Level 1:colcon.colcon_core.package_identification:_identify(build) by extensions ['ignore', 'ignore_ament_install']
[1.306s] Level 1:colcon.colcon_core.package_identification:_identify(build) by extension 'ignore'
[1.306s] Level 1:colcon.colcon_core.package_identification:_identify(build) ignored
[1.307s] Level 1:colcon.colcon_core.package_identification:_identify(install) by extensions ['ignore', 'ignore_ament_install']
[1.307s] Level 1:colcon.colcon_core.package_identification:_identify(install) by extension 'ignore'
[1.307s] Level 1:colcon.colcon_core.package_identification:_identify(install) ignored
[1.307s] Level 1:colcon.colcon_core.package_identification:_identify(log) by extensions ['ignore', 'ignore_ament_install']
[1.308s] Level 1:colcon.colcon_core.package_identification:_identify(log) by extension 'ignore'
[1.308s] Level 1:colcon.colcon_core.package_identification:_identify(log) ignored
[1.308s] Level 1:colcon.colcon_core.package_identification:_identify(src) by extensions ['ignore', 'ignore_ament_install']
[1.308s] Level 1:colcon.colcon_core.package_identification:_identify(src) by extension 'ignore'
[1.309s] Level 1:colcon.colcon_core.package_identification:_identify(src) by extension 'ignore_ament_install'
[1.309s] Level 1:colcon.colcon_core.package_identification:_identify(src) by extensions ['colcon_pkg']
[1.309s] Level 1:colcon.colcon_core.package_identification:_identify(src) by extension 'colcon_pkg'
[1.309s] Level 1:colcon.colcon_core.package_identification:_identify(src) by extensions ['colcon_meta']
[1.309s] Level 1:colcon.colcon_core.package_identification:_identify(src) by extension 'colcon_meta'
[1.310s] Level 1:colcon.colcon_core.package_identification:_identify(src) by extensions ['ros']
[1.310s] Level 1:colcon.colcon_core.package_identification:_identify(src) by extension 'ros'
[1.310s] Level 1:colcon.colcon_core.package_identification:_identify(src) by extensions ['cmake', 'python']
[1.310s] Level 1:colcon.colcon_core.package_identification:_identify(src) by extension 'cmake'
[1.310s] Level 1:colcon.colcon_core.package_identification:_identify(src) by extension 'python'
[1.310s] Level 1:colcon.colcon_core.package_identification:_identify(src) by extensions ['python_setup_py']
[1.311s] Level 1:colcon.colcon_core.package_identification:_identify(src) by extension 'python_setup_py'
[1.311s] Level 1:colcon.colcon_core.package_identification:_identify(src/husarion_gz_worlds) by extensions ['ignore', 'ignore_ament_install']
[1.311s] Level 1:colcon.colcon_core.package_identification:_identify(src/husarion_gz_worlds) by extension 'ignore'
[1.311s] Level 1:colcon.colcon_core.package_identification:_identify(src/husarion_gz_worlds) by extension 'ignore_ament_install'
[1.312s] Level 1:colcon.colcon_core.package_identification:_identify(src/husarion_gz_worlds) by extensions ['colcon_pkg']
[1.312s] Level 1:colcon.colcon_core.package_identification:_identify(src/husarion_gz_worlds) by extension 'colcon_pkg'
[1.312s] Level 1:colcon.colcon_core.package_identification:_identify(src/husarion_gz_worlds) by extensions ['colcon_meta']
[1.312s] Level 1:colcon.colcon_core.package_identification:_identify(src/husarion_gz_worlds) by extension 'colcon_meta'
[1.312s] Level 1:colcon.colcon_core.package_identification:_identify(src/husarion_gz_worlds) by extensions ['ros']
[1.312s] Level 1:colcon.colcon_core.package_identification:_identify(src/husarion_gz_worlds) by extension 'ros'
[1.325s] DEBUG:colcon.colcon_core.package_identification:Package 'src/husarion_gz_worlds' with type 'ros.ament_cmake' and name 'husarion_gz_worlds'
[1.326s] Level 1:colcon.colcon_core.package_identification:_identify(src/qcar2_line_tracker) by extensions ['ignore', 'ignore_ament_install']
[1.326s] Level 1:colcon.colcon_core.package_identification:_identify(src/qcar2_line_tracker) by extension 'ignore'
[1.326s] Level 1:colcon.colcon_core.package_identification:_identify(src/qcar2_line_tracker) by extension 'ignore_ament_install'
[1.327s] Level 1:colcon.colcon_core.package_identification:_identify(src/qcar2_line_tracker) by extensions ['colcon_pkg']
[1.327s] Level 1:colcon.colcon_core.package_identification:_identify(src/qcar2_line_tracker) by extension 'colcon_pkg'
[1.327s] Level 1:colcon.colcon_core.package_identification:_identify(src/qcar2_line_tracker) by extensions ['colcon_meta']
[1.327s] Level 1:colcon.colcon_core.package_identification:_identify(src/qcar2_line_tracker) by extension 'colcon_meta'
[1.327s] Level 1:colcon.colcon_core.package_identification:_identify(src/qcar2_line_tracker) by extensions ['ros']
[1.327s] Level 1:colcon.colcon_core.package_identification:_identify(src/qcar2_line_tracker) by extension 'ros'
[1.329s] DEBUG:colcon.colcon_core.package_identification:Package 'src/qcar2_line_tracker' with type 'ros.ament_python' and name 'qcar2_line_tracker'
[1.330s] Level 1:colcon.colcon_core.package_identification:_identify(src/urdf_representations) by extensions ['ignore', 'ignore_ament_install']
[1.330s] Level 1:colcon.colcon_core.package_identification:_identify(src/urdf_representations) by extension 'ignore'
[1.330s] Level 1:colcon.colcon_core.package_identification:_identify(src/urdf_representations) by extension 'ignore_ament_install'
[1.331s] Level 1:colcon.colcon_core.package_identification:_identify(src/urdf_representations) by extensions ['colcon_pkg']
[1.331s] Level 1:colcon.colcon_core.package_identification:_identify(src/urdf_representations) by extension 'colcon_pkg'
[1.331s] Level 1:colcon.colcon_core.package_identification:_identify(src/urdf_representations) by extensions ['colcon_meta']
[1.331s] Level 1:colcon.colcon_core.package_identification:_identify(src/urdf_representations) by extension 'colcon_meta'
[1.331s] Level 1:colcon.colcon_core.package_identification:_identify(src/urdf_representations) by extensions ['ros']
[1.332s] Level 1:colcon.colcon_core.package_identification:_identify(src/urdf_representations) by extension 'ros'
[1.332s] Level 1:colcon.colcon_core.package_identification:_identify(src/urdf_representations) by extensions ['cmake', 'python']
[1.332s] Level 1:colcon.colcon_core.package_identification:_identify(src/urdf_representations) by extension 'cmake'
[1.332s] Level 1:colcon.colcon_core.package_identification:_identify(src/urdf_representations) by extension 'python'
[1.332s] Level 1:colcon.colcon_core.package_identification:_identify(src/urdf_representations) by extensions ['python_setup_py']
[1.332s] Level 1:colcon.colcon_core.package_identification:_identify(src/urdf_representations) by extension 'python_setup_py'
[1.333s] Level 1:colcon.colcon_core.package_identification:_identify(src/urdf_representations/qcar2) by extensions ['ignore', 'ignore_ament_install']
[1.333s] Level 1:colcon.colcon_core.package_identification:_identify(src/urdf_representations/qcar2) by extension 'ignore'
[1.333s] Level 1:colcon.colcon_core.package_identification:_identify(src/urdf_representations/qcar2) by extension 'ignore_ament_install'
[1.334s] Level 1:colcon.colcon_core.package_identification:_identify(src/urdf_representations/qcar2) by extensions ['colcon_pkg']
[1.334s] Level 1:colcon.colcon_core.package_identification:_identify(src/urdf_representations/qcar2) by extension 'colcon_pkg'
[1.334s] Level 1:colcon.colcon_core.package_identification:_identify(src/urdf_representations/qcar2) by extensions ['colcon_meta']
[1.334s] Level 1:colcon.colcon_core.package_identification:_identify(src/urdf_representations/qcar2) by extension 'colcon_meta'
[1.334s] Level 1:colcon.colcon_core.package_identification:_identify(src/urdf_representations/qcar2) by extensions ['ros']
[1.334s] Level 1:colcon.colcon_core.package_identification:_identify(src/urdf_representations/qcar2) by extension 'ros'
[1.336s] DEBUG:colcon.colcon_core.package_identification:Package 'src/urdf_representations/qcar2' with type 'ros.ament_cmake' and name 'qcar2'
[1.336s] Level 1:colcon.colcon_core.package_discovery:discover_packages(recursive) using defaults
[1.336s] Level 1:colcon.colcon_core.package_discovery:discover_packages(ignore) discover
[1.336s] Level 1:colcon.colcon_core.package_discovery:discover_packages(ignore) using defaults
[1.336s] Level 1:colcon.colcon_core.package_discovery:discover_packages(path) discover
[1.336s] Level 1:colcon.colcon_core.package_discovery:discover_packages(path) using defaults
[1.435s] Level 1:colcon.colcon_core.package_discovery:discover_packages(prefix_path) check parameters
[1.435s] Level 1:colcon.colcon_core.package_discovery:discover_packages(prefix_path) discover
[1.445s] Level 1:colcon.colcon_core.package_discovery:discover_packages(prefix_path) using defaults
[1.453s] Level 5:colcon.colcon_core.verb:set package 'husarion_gz_worlds' build argument 'cmake_args' from command line to 'None'
[1.453s] Level 5:colcon.colcon_core.verb:set package 'husarion_gz_worlds' build argument 'cmake_target' from command line to 'None'
[1.453s] Level 5:colcon.colcon_core.verb:set package 'husarion_gz_worlds' build argument 'cmake_target_skip_unavailable' from command line to 'False'
[1.454s] Level 5:colcon.colcon_core.verb:set package 'husarion_gz_worlds' build argument 'cmake_clean_cache' from command line to 'False'
[1.454s] Level 5:colcon.colcon_core.verb:set package 'husarion_gz_worlds' build argument 'cmake_clean_first' from command line to 'False'
[1.454s] Level 5:colcon.colcon_core.verb:set package 'husarion_gz_worlds' build argument 'cmake_force_configure' from command line to 'False'
[1.454s] Level 5:colcon.colcon_core.verb:set package 'husarion_gz_worlds' build argument 'ament_cmake_args' from command line to 'None'
[1.454s] Level 5:colcon.colcon_core.verb:set package 'husarion_gz_worlds' build argument 'catkin_cmake_args' from command line to 'None'
[1.454s] Level 5:colcon.colcon_core.verb:set package 'husarion_gz_worlds' build argument 'catkin_skip_building_tests' from command line to 'False'
[1.454s] DEBUG:colcon.colcon_core.verb:Building package 'husarion_gz_worlds' with the following arguments: {'ament_cmake_args': None, 'build_base': '/home/hajisaeed/qcar2_sim/build/husarion_gz_worlds', 'catkin_cmake_args': None, 'catkin_skip_building_tests': False, 'cmake_args': None, 'cmake_clean_cache': False, 'cmake_clean_first': False, 'cmake_force_configure': False, 'cmake_target': None, 'cmake_target_skip_unavailable': False, 'install_base': '/home/hajisaeed/qcar2_sim/install/husarion_gz_worlds', 'merge_install': False, 'path': '/home/hajisaeed/qcar2_sim/src/husarion_gz_worlds', 'symlink_install': True, 'test_result_base': None}
[1.456s] Level 5:colcon.colcon_core.verb:set package 'qcar2' build argument 'cmake_args' from command line to 'None'
[1.456s] Level 5:colcon.colcon_core.verb:set package 'qcar2' build argument 'cmake_target' from command line to 'None'
[1.456s] Level 5:colcon.colcon_core.verb:set package 'qcar2' build argument 'cmake_target_skip_unavailable' from command line to 'False'
[1.456s] Level 5:colcon.colcon_core.verb:set package 'qcar2' build argument 'cmake_clean_cache' from command line to 'False'
[1.456s] Level 5:colcon.colcon_core.verb:set package 'qcar2' build argument 'cmake_clean_first' from command line to 'False'
[1.456s] Level 5:colcon.colcon_core.verb:set package 'qcar2' build argument 'cmake_force_configure' from command line to 'False'
[1.456s] Level 5:colcon.colcon_core.verb:set package 'qcar2' build argument 'ament_cmake_args' from command line to 'None'
[1.456s] Level 5:colcon.colcon_core.verb:set package 'qcar2' build argument 'catkin_cmake_args' from command line to 'None'
[1.456s] Level 5:colcon.colcon_core.verb:set package 'qcar2' build argument 'catkin_skip_building_tests' from command line to 'False'
[1.457s] DEBUG:colcon.colcon_core.verb:Building package 'qcar2' with the following arguments: {'ament_cmake_args': None, 'build_base': '/home/hajisaeed/qcar2_sim/build/qcar2', 'catkin_cmake_args': None, 'catkin_skip_building_tests': False, 'cmake_args': None, 'cmake_clean_cache': False, 'cmake_clean_first': False, 'cmake_force_configure': False, 'cmake_target': None, 'cmake_target_skip_unavailable': False, 'install_base': '/home/hajisaeed/qcar2_sim/install/qcar2', 'merge_install': False, 'path': '/home/hajisaeed/qcar2_sim/src/urdf_representations/qcar2', 'symlink_install': True, 'test_result_base': None}
[1.457s] Level 5:colcon.colcon_core.verb:set package 'qcar2_line_tracker' build argument 'cmake_args' from command line to 'None'
[1.458s] Level 5:colcon.colcon_core.verb:set package 'qcar2_line_tracker' build argument 'cmake_target' from command line to 'None'
[1.458s] Level 5:colcon.colcon_core.verb:set package 'qcar2_line_tracker' build argument 'cmake_target_skip_unavailable' from command line to 'False'
[1.458s] Level 5:colcon.colcon_core.verb:set package 'qcar2_line_tracker' build argument 'cmake_clean_cache' from command line to 'False'
[1.458s] Level 5:colcon.colcon_core.verb:set package 'qcar2_line_tracker' build argument 'cmake_clean_first' from command line to 'False'
[1.458s] Level 5:colcon.colcon_core.verb:set package 'qcar2_line_tracker' build argument 'cmake_force_configure' from command line to 'False'
[1.458s] Level 5:colcon.colcon_core.verb:set package 'qcar2_line_tracker' build argument 'ament_cmake_args' from command line to 'None'
[1.458s] Level 5:colcon.colcon_core.verb:set package 'qcar2_line_tracker' build argument 'catkin_cmake_args' from command line to 'None'
[1.458s] Level 5:colcon.colcon_core.verb:set package 'qcar2_line_tracker' build argument 'catkin_skip_building_tests' from command line to 'False'
[1.459s] DEBUG:colcon.colcon_core.verb:Building package 'qcar2_line_tracker' with the following arguments: {'ament_cmake_args': None, 'build_base': '/home/hajisaeed/qcar2_sim/build/qcar2_line_tracker', 'catkin_cmake_args': None, 'catkin_skip_building_tests': False, 'cmake_args': None, 'cmake_clean_cache': False, 'cmake_clean_first': False, 'cmake_force_configure': False, 'cmake_target': None, 'cmake_target_skip_unavailable': False, 'install_base': '/home/hajisaeed/qcar2_sim/install/qcar2_line_tracker', 'merge_install': False, 'path': '/home/hajisaeed/qcar2_sim/src/qcar2_line_tracker', 'symlink_install': True, 'test_result_base': None}
[1.459s] INFO:colcon.colcon_core.executor:Executing jobs using 'parallel' executor
[1.462s] DEBUG:colcon.colcon_parallel_executor.executor.parallel:run_until_complete
[1.463s] INFO:colcon.colcon_ros.task.ament_cmake.build:Building ROS package in '/home/hajisaeed/qcar2_sim/src/husarion_gz_worlds' with build type 'ament_cmake'
[1.463s] INFO:colcon.colcon_cmake.task.cmake.build:Building CMake package in '/home/hajisaeed/qcar2_sim/src/husarion_gz_worlds'
[1.486s] INFO:colcon.colcon_core.plugin_system:Skipping extension 'colcon_core.shell.bat': Not used on non-Windows systems
[1.487s] INFO:colcon.colcon_core.shell:Skip shell extension 'powershell' for command environment: Not usable outside of PowerShell
[1.487s] DEBUG:colcon.colcon_core.shell:Skip shell extension 'dsv' for command environment
[1.493s] INFO:colcon.colcon_ros.task.ament_cmake.build:Building ROS package in '/home/hajisaeed/qcar2_sim/src/urdf_representations/qcar2' with build type 'ament_cmake'
[1.494s] INFO:colcon.colcon_cmake.task.cmake.build:Building CMake package in '/home/hajisaeed/qcar2_sim/src/urdf_representations/qcar2'
[1.494s] INFO:colcon.colcon_core.shell:Skip shell extension 'powershell' for command environment: Not usable outside of PowerShell
[1.494s] DEBUG:colcon.colcon_core.shell:Skip shell extension 'dsv' for command environment
[1.499s] INFO:colcon.colcon_ros.task.ament_python.build:Building ROS package in '/home/hajisaeed/qcar2_sim/src/qcar2_line_tracker' with build type 'ament_python'
[1.500s] Level 1:colcon.colcon_core.shell:create_environment_hook('qcar2_line_tracker', 'ament_prefix_path')
[1.500s] INFO:colcon.colcon_core.shell:Creating environment hook '/home/hajisaeed/qcar2_sim/install/qcar2_line_tracker/share/qcar2_line_tracker/hook/ament_prefix_path.ps1'
[1.507s] INFO:colcon.colcon_core.shell:Creating environment descriptor '/home/hajisaeed/qcar2_sim/install/qcar2_line_tracker/share/qcar2_line_tracker/hook/ament_prefix_path.dsv'
[1.510s] INFO:colcon.colcon_core.shell:Creating environment hook '/home/hajisaeed/qcar2_sim/install/qcar2_line_tracker/share/qcar2_line_tracker/hook/ament_prefix_path.sh'
[1.513s] INFO:colcon.colcon_core.shell:Skip shell extension 'powershell' for command environment: Not usable outside of PowerShell
[1.514s] DEBUG:colcon.colcon_core.shell:Skip shell extension 'dsv' for command environment
[1.534s] DEBUG:colcon.colcon_core.event_handler.log_command:Invoking command in '/home/hajisaeed/qcar2_sim/build/husarion_gz_worlds': /usr/bin/cmake /home/hajisaeed/qcar2_sim/src/husarion_gz_worlds -DAMENT_CMAKE_SYMLINK_INSTALL=1 -DCMAKE_INSTALL_PREFIX=/home/hajisaeed/qcar2_sim/install/husarion_gz_worlds
[1.554s] DEBUG:colcon.colcon_core.event_handler.log_command:Invoking command in '/home/hajisaeed/qcar2_sim/build/qcar2': /usr/bin/cmake /home/hajisaeed/qcar2_sim/src/urdf_representations/qcar2 -DAMENT_CMAKE_SYMLINK_INSTALL=1 -DCMAKE_INSTALL_PREFIX=/home/hajisaeed/qcar2_sim/install/qcar2
[1.922s] INFO:colcon.colcon_core.task.python.build:Building Python package in '/home/hajisaeed/qcar2_sim/src/qcar2_line_tracker'
[1.922s] INFO:colcon.colcon_core.shell:Skip shell extension 'powershell' for command environment: Not usable outside of PowerShell
[1.922s] DEBUG:colcon.colcon_core.shell:Skip shell extension 'dsv' for command environment
[3.461s] DEBUG:colcon.colcon_core.event_handler.log_command:Invoking command in '/home/hajisaeed/qcar2_sim/build/qcar2_line_tracker': PYTHONPATH=/home/hajisaeed/qcar2_sim/build/qcar2_line_tracker/prefix_override:/usr/lib/python3/dist-packages/colcon_core/task/python/colcon_distutils_commands:/home/hajisaeed/qcar2_sim/install/qcar2_line_tracker/lib/python3.12/site-packages: /usr/bin/python3 -W ignore:setup.py install is deprecated -W ignore:easy_install command is deprecated setup.py develop --editable --build-directory /home/hajisaeed/qcar2_sim/build/qcar2_line_tracker/build --no-deps symlink_data
[4.093s] Level 1:colcon.colcon_core.shell:create_environment_hook('qcar2_line_tracker', 'pythonpath_develop')
[4.093s] INFO:colcon.colcon_core.shell:Creating environment hook '/home/hajisaeed/qcar2_sim/build/qcar2_line_tracker/share/qcar2_line_tracker/hook/pythonpath_develop.ps1'
[4.094s] DEBUG:colcon.colcon_core.event_handler.log_command:Invoked command in '/home/hajisaeed/qcar2_sim/build/qcar2_line_tracker' returned '0': PYTHONPATH=/home/hajisaeed/qcar2_sim/build/qcar2_line_tracker/prefix_override:/usr/lib/python3/dist-packages/colcon_core/task/python/colcon_distutils_commands:/home/hajisaeed/qcar2_sim/install/qcar2_line_tracker/lib/python3.12/site-packages: /usr/bin/python3 -W ignore:setup.py install is deprecated -W ignore:easy_install command is deprecated setup.py develop --editable --build-directory /home/hajisaeed/qcar2_sim/build/qcar2_line_tracker/build --no-deps symlink_data
[4.095s] INFO:colcon.colcon_core.shell:Creating environment descriptor '/home/hajisaeed/qcar2_sim/build/qcar2_line_tracker/share/qcar2_line_tracker/hook/pythonpath_develop.dsv'
[4.096s] INFO:colcon.colcon_core.shell:Creating environment hook '/home/hajisaeed/qcar2_sim/build/qcar2_line_tracker/share/qcar2_line_tracker/hook/pythonpath_develop.sh'
[4.108s] Level 1:colcon.colcon_core.environment:checking '/home/hajisaeed/qcar2_sim/install/qcar2_line_tracker' for CMake module files
[4.109s] Level 1:colcon.colcon_core.environment:checking '/home/hajisaeed/qcar2_sim/install/qcar2_line_tracker' for CMake config files
[4.109s] Level 1:colcon.colcon_core.environment:checking '/home/hajisaeed/qcar2_sim/install/qcar2_line_tracker/lib'
[4.110s] Level 1:colcon.colcon_core.environment:checking '/home/hajisaeed/qcar2_sim/install/qcar2_line_tracker/bin'
[4.110s] Level 1:colcon.colcon_core.environment:checking '/home/hajisaeed/qcar2_sim/install/qcar2_line_tracker/lib/pkgconfig/qcar2_line_tracker.pc'
[4.110s] Level 1:colcon.colcon_core.environment:checking '/home/hajisaeed/qcar2_sim/install/qcar2_line_tracker/lib/python3.12/site-packages'
[4.110s] Level 1:colcon.colcon_core.shell:create_environment_hook('qcar2_line_tracker', 'pythonpath')
[4.110s] INFO:colcon.colcon_core.shell:Creating environment hook '/home/hajisaeed/qcar2_sim/install/qcar2_line_tracker/share/qcar2_line_tracker/hook/pythonpath.ps1'
[4.111s] INFO:colcon.colcon_core.shell:Creating environment descriptor '/home/hajisaeed/qcar2_sim/install/qcar2_line_tracker/share/qcar2_line_tracker/hook/pythonpath.dsv'
[4.112s] INFO:colcon.colcon_core.shell:Creating environment hook '/home/hajisaeed/qcar2_sim/install/qcar2_line_tracker/share/qcar2_line_tracker/hook/pythonpath.sh'
[4.113s] Level 1:colcon.colcon_core.environment:checking '/home/hajisaeed/qcar2_sim/install/qcar2_line_tracker/bin'
[4.113s] Level 1:colcon.colcon_core.environment:create_environment_scripts_only(qcar2_line_tracker)
[4.113s] INFO:colcon.colcon_core.shell:Creating package script '/home/hajisaeed/qcar2_sim/install/qcar2_line_tracker/share/qcar2_line_tracker/package.ps1'
[4.115s] INFO:colcon.colcon_core.shell:Creating package descriptor '/home/hajisaeed/qcar2_sim/install/qcar2_line_tracker/share/qcar2_line_tracker/package.dsv'
[4.116s] INFO:colcon.colcon_core.shell:Creating package script '/home/hajisaeed/qcar2_sim/install/qcar2_line_tracker/share/qcar2_line_tracker/package.sh'
[4.118s] INFO:colcon.colcon_core.shell:Creating package script '/home/hajisaeed/qcar2_sim/install/qcar2_line_tracker/share/qcar2_line_tracker/package.bash'
[4.119s] INFO:colcon.colcon_core.shell:Creating package script '/home/hajisaeed/qcar2_sim/install/qcar2_line_tracker/share/qcar2_line_tracker/package.zsh'
[4.120s] Level 1:colcon.colcon_core.environment:create_file_with_runtime_dependencies(/home/hajisaeed/qcar2_sim/install/qcar2_line_tracker/share/colcon-core/packages/qcar2_line_tracker)
[4.462s] DEBUG:colcon.colcon_core.event_handler.log_command:Invoked command in '/home/hajisaeed/qcar2_sim/build/husarion_gz_worlds' returned '1': /usr/bin/cmake /home/hajisaeed/qcar2_sim/src/husarion_gz_worlds -DAMENT_CMAKE_SYMLINK_INSTALL=1 -DCMAKE_INSTALL_PREFIX=/home/hajisaeed/qcar2_sim/install/husarion_gz_worlds
[4.465s] DEBUG:colcon.colcon_core.event_handler.log_command:Invoked command in '/home/hajisaeed/qcar2_sim/build/qcar2' returned '1': /usr/bin/cmake /home/hajisaeed/qcar2_sim/src/urdf_representations/qcar2 -DAMENT_CMAKE_SYMLINK_INSTALL=1 -DCMAKE_INSTALL_PREFIX=/home/hajisaeed/qcar2_sim/install/qcar2
[4.492s] Level 1:colcon.colcon_core.environment:create_environment_scripts_only(husarion_gz_worlds)
[4.492s] Level 1:colcon.colcon_core.environment:checking '/home/hajisaeed/qcar2_sim/install/husarion_gz_worlds' for CMake module files
[4.493s] Level 1:colcon.colcon_core.environment:checking '/home/hajisaeed/qcar2_sim/install/husarion_gz_worlds' for CMake config files
[4.494s] Level 1:colcon.colcon_core.environment:checking '/home/hajisaeed/qcar2_sim/install/husarion_gz_worlds/bin'
[4.494s] Level 1:colcon.colcon_core.environment:checking '/home/hajisaeed/qcar2_sim/install/husarion_gz_worlds/lib/pkgconfig/husarion_gz_worlds.pc'
[4.494s] Level 1:colcon.colcon_core.environment:checking '/home/hajisaeed/qcar2_sim/install/husarion_gz_worlds/lib/python3.12/site-packages'
[4.495s] Level 1:colcon.colcon_core.environment:checking '/home/hajisaeed/qcar2_sim/install/husarion_gz_worlds/bin'
[4.496s] INFO:colcon.colcon_core.shell:Creating package script '/home/hajisaeed/qcar2_sim/install/husarion_gz_worlds/share/husarion_gz_worlds/package.ps1'
[4.499s] INFO:colcon.colcon_core.shell:Creating package descriptor '/home/hajisaeed/qcar2_sim/install/husarion_gz_worlds/share/husarion_gz_worlds/package.dsv'
[4.500s] INFO:colcon.colcon_core.shell:Creating package script '/home/hajisaeed/qcar2_sim/install/husarion_gz_worlds/share/husarion_gz_worlds/package.sh'
[4.501s] INFO:colcon.colcon_core.shell:Creating package script '/home/hajisaeed/qcar2_sim/install/husarion_gz_worlds/share/husarion_gz_worlds/package.bash'
[4.502s] INFO:colcon.colcon_core.shell:Creating package script '/home/hajisaeed/qcar2_sim/install/husarion_gz_worlds/share/husarion_gz_worlds/package.zsh'
[4.503s] Level 1:colcon.colcon_core.environment:create_file_with_runtime_dependencies(/home/hajisaeed/qcar2_sim/install/husarion_gz_worlds/share/colcon-core/packages/husarion_gz_worlds)
[4.519s] DEBUG:colcon.colcon_parallel_executor.executor.parallel:closing loop
[4.519s] DEBUG:colcon.colcon_parallel_executor.executor.parallel:loop closed
[4.519s] DEBUG:colcon.colcon_parallel_executor.executor.parallel:run_until_complete finished with '1'
[4.520s] DEBUG:colcon.colcon_core.event_reactor:joining thread
[4.623s] INFO:colcon.colcon_core.plugin_system:Skipping extension 'colcon_notification.desktop_notification.notify_send': Could not find 'notify-send'
[4.623s] INFO:colcon.colcon_core.plugin_system:Skipping extension 'colcon_notification.desktop_notification.terminal_notifier': Not used on non-Darwin systems
[4.624s] INFO:colcon.colcon_core.plugin_system:Skipping extension 'colcon_notification.desktop_notification.win32': Not used on non-Windows systems
[4.624s] INFO:colcon.colcon_notification.desktop_notification:Sending desktop notification using 'notify2'
[4.630s] DEBUG:colcon.colcon_notification.desktop_notification.notify2:Failed to initialize notify2: org.freedesktop.DBus.Error.ServiceUnknown: The name org.freedesktop.Notifications was not provided by any .service files
[4.630s] DEBUG:colcon.colcon_core.event_reactor:joined thread
[4.631s] INFO:colcon.colcon_core.shell:Creating prefix script '/home/hajisaeed/qcar2_sim/install/local_setup.ps1'
[4.634s] INFO:colcon.colcon_core.shell:Creating prefix util module '/home/hajisaeed/qcar2_sim/install/_local_setup_util_ps1.py'
[4.638s] INFO:colcon.colcon_core.shell:Creating prefix chain script '/home/hajisaeed/qcar2_sim/install/setup.ps1'
[4.641s] INFO:colcon.colcon_core.shell:Creating prefix script '/home/hajisaeed/qcar2_sim/install/local_setup.sh'
[4.643s] INFO:colcon.colcon_core.shell:Creating prefix util module '/home/hajisaeed/qcar2_sim/install/_local_setup_util_sh.py'
[4.645s] INFO:colcon.colcon_core.shell:Creating prefix chain script '/home/hajisaeed/qcar2_sim/install/setup.sh'
[4.648s] INFO:colcon.colcon_core.shell:Creating prefix script '/home/hajisaeed/qcar2_sim/install/local_setup.bash'
[4.651s] INFO:colcon.colcon_core.shell:Creating prefix chain script '/home/hajisaeed/qcar2_sim/install/setup.bash'
[4.653s] INFO:colcon.colcon_core.shell:Creating prefix script '/home/hajisaeed/qcar2_sim/install/local_setup.zsh'
[4.655s] INFO:colcon.colcon_core.shell:Creating prefix chain script '/home/hajisaeed/qcar2_sim/install/setup.zsh'
