[0.068s] Invoking command in '/home/hajisaeed/qcar2_sim/build/husarion_gz_worlds': /usr/bin/cmake /home/hajisaeed/qcar2_sim/src/husarion_gz_worlds -DAMENT_CMAKE_SYMLINK_INSTALL=1 -DCMAKE_INSTALL_PREFIX=/home/hajisaeed/qcar2_sim/install/husarion_gz_worlds
[0.538s] -- The C compiler identification is GNU 13.3.0
[1.250s] -- The CXX compiler identification is GNU 13.3.0
[1.756s] -- Detecting C compiler ABI info
[2.019s] -- Detecting C compiler ABI info - done
[2.033s] -- Check for working C compiler: /usr/bin/cc - skipped
[2.036s] -- Detecting C compile features
[2.037s] -- Detecting C compile features - done
[2.093s] -- Detecting CXX compiler ABI info
[2.299s] -- Detecting CXX compiler ABI info - done
[2.314s] -- Check for working CXX compiler: /usr/bin/c++ - skipped
[2.314s] -- Detecting CXX compile features
[2.315s] -- Detecting CXX compile features - done
[2.970s] [31mCMake Error at CMakeLists.txt:5 (find_package):
[2.970s]   By not providing "Findament_cmake.cmake" in CMAKE_MODULE_PATH this project
[2.971s]   has asked CMake to find a package configuration file provided by
[2.971s]   "ament_cmake", but CMake did not find one.
[2.972s] 
[2.972s]   Could not find a package configuration file provided by "ament_cmake" with
[2.973s]   any of the following names:
[2.973s] 
[2.973s]     ament_cmakeConfig.cmake
[2.974s]     ament_cmake-config.cmake
[2.974s] 
[2.975s]   Add the installation prefix of "ament_cmake" to CMAKE_PREFIX_PATH or set
[2.975s]   "ament_cmake_DIR" to a directory containing one of the above files.  If
[2.975s]   "ament_cmake" provides a separate development package or SDK, be sure it
[2.975s]   has been installed.
[2.976s] 
[2.976s] [0m
[2.995s] -- Configuring incomplete, errors occurred!
[2.996s] Invoked command in '/home/hajisaeed/qcar2_sim/build/husarion_gz_worlds' returned '1': /usr/bin/cmake /home/hajisaeed/qcar2_sim/src/husarion_gz_worlds -DAMENT_CMAKE_SYMLINK_INSTALL=1 -DCMAKE_INSTALL_PREFIX=/home/hajisaeed/qcar2_sim/install/husarion_gz_worlds
