/usr/lib/python3/dist-packages/setuptools/dist.py:744: SetuptoolsDeprecationWarning: Invalid dash-separated options
!!

        ********************************************************************************
        Usage of dash-separated 'script-dir' will not be supported in future
        versions. Please use the underscore name 'script_dir' instead.

        This deprecation is overdue, please update your project and remove deprecated
        calls to avoid build errors in the future.

        See https://setuptools.pypa.io/en/latest/userguide/declarative_config.html for details.
        ********************************************************************************

!!
  opt = self.warn_dash_deprecation(opt, section)
running develop
running egg_info
creating qcar2_line_tracker.egg-info
writing qcar2_line_tracker.egg-info/PKG-INFO
writing dependency_links to qcar2_line_tracker.egg-info/dependency_links.txt
writing entry points to qcar2_line_tracker.egg-info/entry_points.txt
writing requirements to qcar2_line_tracker.egg-info/requires.txt
writing top-level names to qcar2_line_tracker.egg-info/top_level.txt
writing manifest file 'qcar2_line_tracker.egg-info/SOURCES.txt'
reading manifest file 'qcar2_line_tracker.egg-info/SOURCES.txt'
writing manifest file 'qcar2_line_tracker.egg-info/SOURCES.txt'
running build_ext
Creating /home/hajisaeed/qcar2_sim/install/qcar2_line_tracker/lib/python3.12/site-packages/qcar2-line-tracker.egg-link (link to .)
Installing line_controller_node script to /home/hajisaeed/qcar2_sim/install/qcar2_line_tracker/lib/qcar2_line_tracker
Installing line_perception_node script to /home/hajisaeed/qcar2_sim/install/qcar2_line_tracker/lib/qcar2_line_tracker

Installed /home/hajisaeed/qcar2_sim/build/qcar2_line_tracker
running symlink_data
creating /home/hajisaeed/qcar2_sim/install/qcar2_line_tracker/share/ament_index
creating /home/hajisaeed/qcar2_sim/install/qcar2_line_tracker/share/ament_index/resource_index
creating /home/hajisaeed/qcar2_sim/install/qcar2_line_tracker/share/ament_index/resource_index/packages
symbolically linking /home/hajisaeed/qcar2_sim/build/qcar2_line_tracker/resource/qcar2_line_tracker -> /home/hajisaeed/qcar2_sim/install/qcar2_line_tracker/share/ament_index/resource_index/packages
symbolically linking /home/hajisaeed/qcar2_sim/build/qcar2_line_tracker/package.xml -> /home/hajisaeed/qcar2_sim/install/qcar2_line_tracker/share/qcar2_line_tracker
creating /home/hajisaeed/qcar2_sim/install/qcar2_line_tracker/share/qcar2_line_tracker/launch
symbolically linking /home/hajisaeed/qcar2_sim/build/qcar2_line_tracker/launch/line_tracker.launch.py -> /home/hajisaeed/qcar2_sim/install/qcar2_line_tracker/share/qcar2_line_tracker/launch
creating /home/hajisaeed/qcar2_sim/install/qcar2_line_tracker/share/qcar2_line_tracker/rviz
symbolically linking /home/hajisaeed/qcar2_sim/build/qcar2_line_tracker/rviz/qcar_sensors.rviz -> /home/hajisaeed/qcar2_sim/install/qcar2_line_tracker/share/qcar2_line_tracker/rviz
creating /home/hajisaeed/qcar2_sim/install/qcar2_line_tracker/share/qcar2_line_tracker/config
symbolically linking /home/hajisaeed/qcar2_sim/build/qcar2_line_tracker/config/controller_qcar2.yaml -> /home/hajisaeed/qcar2_sim/install/qcar2_line_tracker/share/qcar2_line_tracker/config
symbolically linking /home/hajisaeed/qcar2_sim/build/qcar2_line_tracker/config/perception_qcar2.yaml -> /home/hajisaeed/qcar2_sim/install/qcar2_line_tracker/share/qcar2_line_tracker/config
