[1.960s] Invoking command in '/home/hajisaeed/qcar2_sim/build/qcar2_line_tracker': PYTHONPATH=/home/hajisaeed/qcar2_sim/build/qcar2_line_tracker/prefix_override:/usr/lib/python3/dist-packages/colcon_core/task/python/colcon_distutils_commands:/home/hajisaeed/qcar2_sim/install/qcar2_line_tracker/lib/python3.12/site-packages: /usr/bin/python3 -W ignore:setup.py install is deprecated -W ignore:easy_install command is deprecated setup.py develop --editable --build-directory /home/hajisaeed/qcar2_sim/build/qcar2_line_tracker/build --no-deps symlink_data
[2.121s] /usr/lib/python3/dist-packages/setuptools/dist.py:744: SetuptoolsDeprecationWarning: Invalid dash-separated options
[2.121s] !!
[2.121s] 
[2.121s]         ********************************************************************************
[2.121s]         Usage of dash-separated 'script-dir' will not be supported in future
[2.122s]         versions. Please use the underscore name 'script_dir' instead.
[2.122s] 
[2.122s]         This deprecation is overdue, please update your project and remove deprecated
[2.122s]         calls to avoid build errors in the future.
[2.122s] 
[2.122s]         See https://setuptools.pypa.io/en/latest/userguide/declarative_config.html for details.
[2.122s]         ********************************************************************************
[2.122s] 
[2.122s] !!
[2.122s]   opt = self.warn_dash_deprecation(opt, section)
[2.308s] running develop
[2.477s] running egg_info
[2.477s] creating qcar2_line_tracker.egg-info
[2.493s] writing qcar2_line_tracker.egg-info/PKG-INFO
[2.493s] writing dependency_links to qcar2_line_tracker.egg-info/dependency_links.txt
[2.494s] writing entry points to qcar2_line_tracker.egg-info/entry_points.txt
[2.494s] writing requirements to qcar2_line_tracker.egg-info/requires.txt
[2.494s] writing top-level names to qcar2_line_tracker.egg-info/top_level.txt
[2.494s] writing manifest file 'qcar2_line_tracker.egg-info/SOURCES.txt'
[2.527s] reading manifest file 'qcar2_line_tracker.egg-info/SOURCES.txt'
[2.528s] writing manifest file 'qcar2_line_tracker.egg-info/SOURCES.txt'
[2.546s] running build_ext
[2.546s] Creating /home/hajisaeed/qcar2_sim/install/qcar2_line_tracker/lib/python3.12/site-packages/qcar2-line-tracker.egg-link (link to .)
[2.547s] Installing line_controller_node script to /home/hajisaeed/qcar2_sim/install/qcar2_line_tracker/lib/qcar2_line_tracker
[2.548s] Installing line_perception_node script to /home/hajisaeed/qcar2_sim/install/qcar2_line_tracker/lib/qcar2_line_tracker
[2.548s] 
[2.549s] Installed /home/hajisaeed/qcar2_sim/build/qcar2_line_tracker
[2.549s] running symlink_data
[2.549s] creating /home/hajisaeed/qcar2_sim/install/qcar2_line_tracker/share/ament_index
[2.550s] creating /home/hajisaeed/qcar2_sim/install/qcar2_line_tracker/share/ament_index/resource_index
[2.550s] creating /home/hajisaeed/qcar2_sim/install/qcar2_line_tracker/share/ament_index/resource_index/packages
[2.550s] symbolically linking /home/hajisaeed/qcar2_sim/build/qcar2_line_tracker/resource/qcar2_line_tracker -> /home/hajisaeed/qcar2_sim/install/qcar2_line_tracker/share/ament_index/resource_index/packages
[2.550s] symbolically linking /home/hajisaeed/qcar2_sim/build/qcar2_line_tracker/package.xml -> /home/hajisaeed/qcar2_sim/install/qcar2_line_tracker/share/qcar2_line_tracker
[2.550s] creating /home/hajisaeed/qcar2_sim/install/qcar2_line_tracker/share/qcar2_line_tracker/launch
[2.551s] symbolically linking /home/hajisaeed/qcar2_sim/build/qcar2_line_tracker/launch/line_tracker.launch.py -> /home/hajisaeed/qcar2_sim/install/qcar2_line_tracker/share/qcar2_line_tracker/launch
[2.551s] creating /home/hajisaeed/qcar2_sim/install/qcar2_line_tracker/share/qcar2_line_tracker/rviz
[2.552s] symbolically linking /home/hajisaeed/qcar2_sim/build/qcar2_line_tracker/rviz/qcar_sensors.rviz -> /home/hajisaeed/qcar2_sim/install/qcar2_line_tracker/share/qcar2_line_tracker/rviz
[2.552s] creating /home/hajisaeed/qcar2_sim/install/qcar2_line_tracker/share/qcar2_line_tracker/config
[2.552s] symbolically linking /home/hajisaeed/qcar2_sim/build/qcar2_line_tracker/config/controller_qcar2.yaml -> /home/hajisaeed/qcar2_sim/install/qcar2_line_tracker/share/qcar2_line_tracker/config
[2.553s] symbolically linking /home/hajisaeed/qcar2_sim/build/qcar2_line_tracker/config/perception_qcar2.yaml -> /home/hajisaeed/qcar2_sim/install/qcar2_line_tracker/share/qcar2_line_tracker/config
[2.592s] Invoked command in '/home/hajisaeed/qcar2_sim/build/qcar2_line_tracker' returned '0': PYTHONPATH=/home/hajisaeed/qcar2_sim/build/qcar2_line_tracker/prefix_override:/usr/lib/python3/dist-packages/colcon_core/task/python/colcon_distutils_commands:/home/hajisaeed/qcar2_sim/install/qcar2_line_tracker/lib/python3.12/site-packages: /usr/bin/python3 -W ignore:setup.py install is deprecated -W ignore:easy_install command is deprecated setup.py develop --editable --build-directory /home/hajisaeed/qcar2_sim/build/qcar2_line_tracker/build --no-deps symlink_data
