[0.046s] Invoking command in '/home/hajisaeed/qcar2_sim/build/qcar2': /usr/bin/cmake /home/hajisaeed/qcar2_sim/src/urdf_representations/qcar2 -DAMENT_CMAKE_SYMLINK_INSTALL=1 -DCMAKE_INSTALL_PREFIX=/home/hajisaeed/qcar2_sim/install/qcar2
[0.761s] [31mCMake Error at CMakeLists.txt:5 (find_package):
[0.761s]   By not providing "Findament_cmake.cmake" in CMAKE_MODULE_PATH this project
[0.761s]   has asked CMake to find a package configuration file provided by
[0.761s]   "ament_cmake", but CMake did not find one.
[0.761s] 
[0.762s]   Could not find a package configuration file provided by "ament_cmake" with
[0.762s]   any of the following names:
[0.762s] 
[0.762s]     ament_cmakeConfig.cmake
[0.762s]     ament_cmake-config.cmake
[0.762s] 
[0.763s]   Add the installation prefix of "ament_cmake" to CMAKE_PREFIX_PATH or set
[0.763s]   "ament_cmake_DIR" to a directory containing one of the above files.  If
[0.763s]   "ament_cmake" provides a separate development package or SDK, be sure it
[0.763s]   has been installed.
[0.764s] 
[0.764s] [0m
[0.764s] -- Configuring incomplete, errors occurred!
[0.774s] Invoked command in '/home/hajisaeed/qcar2_sim/build/qcar2' returned '1': /usr/bin/cmake /home/hajisaeed/qcar2_sim/src/urdf_representations/qcar2 -DAMENT_CMAKE_SYMLINK_INSTALL=1 -DCMAKE_INSTALL_PREFIX=/home/hajisaeed/qcar2_sim/install/qcar2
