[0.057s] Invoking command in '/home/hajisaeed/qcar2_sim/build/husarion_gz_worlds': /usr/bin/cmake /home/hajisaeed/qcar2_sim/src/husarion_gz_worlds -DAMENT_CMAKE_SYMLINK_INSTALL=1 -DCMAKE_INSTALL_PREFIX=/home/hajisaeed/qcar2_sim/install/husarion_gz_worlds
[0.780s] [31mCMake Error at CMakeLists.txt:5 (find_package):
[0.780s]   By not providing "Findament_cmake.cmake" in CMAKE_MODULE_PATH this project
[0.781s]   has asked CMake to find a package configuration file provided by
[0.782s]   "ament_cmake", but CMake did not find one.
[0.783s] 
[0.784s]   Could not find a package configuration file provided by "ament_cmake" with
[0.784s]   any of the following names:
[0.785s] 
[0.785s]     ament_cmakeConfig.cmake
[0.785s]     ament_cmake-config.cmake
[0.786s] 
[0.786s]   Add the installation prefix of "ament_cmake" to CMAKE_PREFIX_PATH or set
[0.787s]   "ament_cmake_DIR" to a directory containing one of the above files.  If
[0.787s]   "ament_cmake" provides a separate development package or SDK, be sure it
[0.788s]   has been installed.
[0.788s] 
[0.789s] [0m
[0.789s] -- Configuring incomplete, errors occurred!
[0.797s] Invoked command in '/home/hajisaeed/qcar2_sim/build/husarion_gz_worlds' returned '1': /usr/bin/cmake /home/hajisaeed/qcar2_sim/src/husarion_gz_worlds -DAMENT_CMAKE_SYMLINK_INSTALL=1 -DCMAKE_INSTALL_PREFIX=/home/hajisaeed/qcar2_sim/install/husarion_gz_worlds
