[2.730s] Invoking command in '/home/hajisaeed/qcar2_sim/build/qcar2_line_tracker': PYTHONPATH=/home/hajisaeed/qcar2_sim/build/qcar2_line_tracker/prefix_override:/usr/lib/python3/dist-packages/colcon_core/task/python/colcon_distutils_commands:/home/hajisaeed/qcar2_sim/install/qcar2_line_tracker/lib/python3.12/site-packages:${PYTHONPATH} /usr/bin/python3 -W ignore:setup.py install is deprecated -W ignore:easy_install command is deprecated setup.py develop --editable --build-directory /home/hajisaeed/qcar2_sim/build/qcar2_line_tracker/build --no-deps symlink_data
[2.963s] /usr/lib/python3/dist-packages/setuptools/dist.py:744: SetuptoolsDeprecationWarning: Invalid dash-separated options
[2.963s] !!
[2.964s] 
[2.964s]         ********************************************************************************
[2.964s]         Usage of dash-separated 'script-dir' will not be supported in future
[2.964s]         versions. Please use the underscore name 'script_dir' instead.
[2.965s] 
[2.965s]         This deprecation is overdue, please update your project and remove deprecated
[2.965s]         calls to avoid build errors in the future.
[2.965s] 
[2.965s]         See https://setuptools.pypa.io/en/latest/userguide/declarative_config.html for details.
[2.966s]         ********************************************************************************
[2.966s] 
[2.966s] !!
[2.966s]   opt = self.warn_dash_deprecation(opt, section)
[3.376s] running develop
[3.771s] running egg_info
[3.803s] writing qcar2_line_tracker.egg-info/PKG-INFO
[3.804s] writing dependency_links to qcar2_line_tracker.egg-info/dependency_links.txt
[3.804s] writing entry points to qcar2_line_tracker.egg-info/entry_points.txt
[3.804s] writing requirements to qcar2_line_tracker.egg-info/requires.txt
[3.805s] writing top-level names to qcar2_line_tracker.egg-info/top_level.txt
[3.872s] reading manifest file 'qcar2_line_tracker.egg-info/SOURCES.txt'
[3.873s] writing manifest file 'qcar2_line_tracker.egg-info/SOURCES.txt'
[3.928s] running build_ext
[3.929s] Creating /home/hajisaeed/qcar2_sim/install/qcar2_line_tracker/lib/python3.12/site-packages/qcar2-line-tracker.egg-link (link to .)
[3.930s] Installing line_controller_node script to /home/hajisaeed/qcar2_sim/install/qcar2_line_tracker/lib/qcar2_line_tracker
[3.931s] Installing line_perception_node script to /home/hajisaeed/qcar2_sim/install/qcar2_line_tracker/lib/qcar2_line_tracker
[3.932s] 
[3.932s] Installed /home/hajisaeed/qcar2_sim/build/qcar2_line_tracker
[3.932s] running symlink_data
[4.035s] Invoked command in '/home/hajisaeed/qcar2_sim/build/qcar2_line_tracker' returned '0': PYTHONPATH=/home/hajisaeed/qcar2_sim/build/qcar2_line_tracker/prefix_override:/usr/lib/python3/dist-packages/colcon_core/task/python/colcon_distutils_commands:/home/hajisaeed/qcar2_sim/install/qcar2_line_tracker/lib/python3.12/site-packages:${PYTHONPATH} /usr/bin/python3 -W ignore:setup.py install is deprecated -W ignore:easy_install command is deprecated setup.py develop --editable --build-directory /home/hajisaeed/qcar2_sim/build/qcar2_line_tracker/build --no-deps symlink_data
